{"D:\\Training\\React\\router\\src\\components\\HomeLayout.jsx": {"path":"D:\\Training\\React\\router\\src\\components\\HomeLayout.jsx","statementMap":{"0":{"start":{"line":16,"column":24},"end":{"line":77,"column":1}},"1":{"start":{"line":79,"column":19},"end":{"line":106,"column":1}},"2":{"start":{"line":80,"column":15},"end":{"line":80,"column":38}},"3":{"start":{"line":81,"column":2},"end":{"line":105,"column":4}},"4":{"start":{"line":90,"column":10},"end":{"line":95,"column":12}}},"fnMap":{"0":{"name":"(anonymous_0)","decl":{"start":{"line":79,"column":19},"end":{"line":79,"column":20}},"loc":{"start":{"line":79,"column":25},"end":{"line":106,"column":1}},"line":79},"1":{"name":"(anonymous_1)","decl":{"start":{"line":89,"column":29},"end":{"line":89,"column":30}},"loc":{"start":{"line":90,"column":10},"end":{"line":95,"column":12}},"line":90}},"branchMap":{},"s":{"0":1,"1":1,"2":6,"3":6,"4":72},"f":{"0":6,"1":72},"b":{},"_coverageSchema":"1a1c01bbd47fc00a2c39e90264f33305004495a9","hash":"d996557a30d01115a3af91c2a84e438743f3e862"}
,"D:\\Training\\React\\router\\src\\components\\ItemLink.jsx": {"path":"D:\\Training\\React\\router\\src\\components\\ItemLink.jsx","statementMap":{"0":{"start":{"line":3,"column":17},"end":{"line":17,"column":1}},"1":{"start":{"line":4,"column":2},"end":{"line":16,"column":4}},"2":{"start":{"line":8,"column":8},"end":{"line":10,"column":118}}},"fnMap":{"0":{"name":"(anonymous_0)","decl":{"start":{"line":3,"column":17},"end":{"line":3,"column":18}},"loc":{"start":{"line":3,"column":43},"end":{"line":17,"column":1}},"line":3},"1":{"name":"(anonymous_1)","decl":{"start":{"line":7,"column":17},"end":{"line":7,"column":18}},"loc":{"start":{"line":8,"column":8},"end":{"line":10,"column":118}},"line":8}},"branchMap":{"0":{"loc":{"start":{"line":8,"column":8},"end":{"line":10,"column":118}},"type":"cond-expr","locations":[{"start":{"line":9,"column":12},"end":{"line":9,"column":91}},{"start":{"line":10,"column":12},"end":{"line":10,"column":118}}],"line":8}},"s":{"0":1,"1":72,"2":96},"f":{"0":72,"1":96},"b":{"0":[7,89]},"_coverageSchema":"1a1c01bbd47fc00a2c39e90264f33305004495a9","hash":"12f5deb8f404e3f50ccbb1394af2b3ff9cb35c55"}
,"D:\\Training\\React\\router\\src\\components\\ProtectedFromManager.jsx": {"path":"D:\\Training\\React\\router\\src\\components\\ProtectedFromManager.jsx","statementMap":{"0":{"start":{"line":6,"column":29},"end":{"line":16,"column":1}},"1":{"start":{"line":7,"column":15},"end":{"line":7,"column":38}},"2":{"start":{"line":8,"column":19},"end":{"line":8,"column":32}},"3":{"start":{"line":9,"column":2},"end":{"line":13,"column":5}},"4":{"start":{"line":10,"column":4},"end":{"line":12,"column":5}},"5":{"start":{"line":11,"column":5},"end":{"line":11,"column":49}},"6":{"start":{"line":15,"column":2},"end":{"line":15,"column":20}}},"fnMap":{"0":{"name":"(anonymous_0)","decl":{"start":{"line":6,"column":29},"end":{"line":6,"column":30}},"loc":{"start":{"line":6,"column":35},"end":{"line":16,"column":1}},"line":6},"1":{"name":"(anonymous_1)","decl":{"start":{"line":9,"column":12},"end":{"line":9,"column":13}},"loc":{"start":{"line":9,"column":18},"end":{"line":13,"column":3}},"line":9}},"branchMap":{"0":{"loc":{"start":{"line":10,"column":4},"end":{"line":12,"column":5}},"type":"if","locations":[{"start":{"line":10,"column":4},"end":{"line":12,"column":5}},{"start":{},"end":{}}],"line":10}},"s":{"0":1,"1":2,"2":2,"3":2,"4":2,"5":1,"6":2},"f":{"0":2,"1":2},"b":{"0":[1,1]},"_coverageSchema":"1a1c01bbd47fc00a2c39e90264f33305004495a9","hash":"112b64c7046422c09a3ee2fae903cec7e3c02335"}
,"D:\\Training\\React\\router\\src\\components\\ProtectedFromUser.jsx": {"path":"D:\\Training\\React\\router\\src\\components\\ProtectedFromUser.jsx","statementMap":{"0":{"start":{"line":5,"column":22},"end":{"line":18,"column":1}},"1":{"start":{"line":6,"column":15},"end":{"line":6,"column":38}},"2":{"start":{"line":7,"column":19},"end":{"line":7,"column":32}},"3":{"start":{"line":9,"column":2},"end":{"line":15,"column":23}},"4":{"start":{"line":10,"column":4},"end":{"line":14,"column":5}},"5":{"start":{"line":11,"column":6},"end":{"line":13,"column":9}},"6":{"start":{"line":17,"column":2},"end":{"line":17,"column":20}}},"fnMap":{"0":{"name":"(anonymous_0)","decl":{"start":{"line":5,"column":22},"end":{"line":5,"column":23}},"loc":{"start":{"line":5,"column":28},"end":{"line":18,"column":1}},"line":5},"1":{"name":"(anonymous_1)","decl":{"start":{"line":9,"column":12},"end":{"line":9,"column":13}},"loc":{"start":{"line":9,"column":18},"end":{"line":15,"column":3}},"line":9}},"branchMap":{"0":{"loc":{"start":{"line":10,"column":4},"end":{"line":14,"column":5}},"type":"if","locations":[{"start":{"line":10,"column":4},"end":{"line":14,"column":5}},{"start":{},"end":{}}],"line":10}},"s":{"0":1,"1":4,"2":4,"3":4,"4":4,"5":1,"6":4},"f":{"0":4,"1":4},"b":{"0":[1,3]},"_coverageSchema":"1a1c01bbd47fc00a2c39e90264f33305004495a9","hash":"8d2c15d69857b9bb650b6449c18ae993e52b39aa"}
,"D:\\Training\\React\\router\\src\\context\\UserContext.jsx": {"path":"D:\\Training\\React\\router\\src\\context\\UserContext.jsx","statementMap":{"0":{"start":{"line":3,"column":27},"end":{"line":3,"column":46}},"1":{"start":{"line":5,"column":28},"end":{"line":10,"column":1}},"2":{"start":{"line":9,"column":2},"end":{"line":9,"column":79}}},"fnMap":{"0":{"name":"(anonymous_0)","decl":{"start":{"line":5,"column":28},"end":{"line":5,"column":29}},"loc":{"start":{"line":8,"column":6},"end":{"line":10,"column":1}},"line":8}},"branchMap":{"0":{"loc":{"start":{"line":7,"column":2},"end":{"line":7,"column":49}},"type":"default-arg","locations":[{"start":{"line":7,"column":10},"end":{"line":7,"column":49}}],"line":7}},"s":{"0":1,"1":1,"2":6},"f":{"0":6},"b":{"0":[0]},"_coverageSchema":"1a1c01bbd47fc00a2c39e90264f33305004495a9","hash":"2b24abfb90ed89f2d7fe6cdf103c4c00d68eecb0"}
,"D:\\Training\\React\\router\\src\\pages\\Inspections.jsx": {"path":"D:\\Training\\React\\router\\src\\pages\\Inspections.jsx","statementMap":{"0":{"start":{"line":3,"column":20},"end":{"line":7,"column":1}},"1":{"start":{"line":4,"column":2},"end":{"line":6,"column":3}}},"fnMap":{"0":{"name":"(anonymous_0)","decl":{"start":{"line":3,"column":20},"end":{"line":3,"column":21}},"loc":{"start":{"line":3,"column":26},"end":{"line":7,"column":1}},"line":3}},"branchMap":{},"s":{"0":1,"1":3},"f":{"0":3},"b":{},"_coverageSchema":"1a1c01bbd47fc00a2c39e90264f33305004495a9","hash":"b946398cfa01388e652436c236fd51cb55b3cfb1"}
,"D:\\Training\\React\\router\\src\\pages\\Notifications.jsx": {"path":"D:\\Training\\React\\router\\src\\pages\\Notifications.jsx","statementMap":{"0":{"start":{"line":3,"column":22},"end":{"line":7,"column":1}},"1":{"start":{"line":4,"column":2},"end":{"line":6,"column":3}}},"fnMap":{"0":{"name":"(anonymous_0)","decl":{"start":{"line":3,"column":22},"end":{"line":3,"column":23}},"loc":{"start":{"line":3,"column":28},"end":{"line":7,"column":1}},"line":3}},"branchMap":{},"s":{"0":1,"1":0},"f":{"0":0},"b":{},"_coverageSchema":"1a1c01bbd47fc00a2c39e90264f33305004495a9","hash":"675eab5dededd0709b693a05b6359bd2af868fab"}
,"D:\\Training\\React\\router\\src\\pages\\Reports.jsx": {"path":"D:\\Training\\React\\router\\src\\pages\\Reports.jsx","statementMap":{"0":{"start":{"line":3,"column":16},"end":{"line":7,"column":1}},"1":{"start":{"line":4,"column":2},"end":{"line":6,"column":3}}},"fnMap":{"0":{"name":"(anonymous_0)","decl":{"start":{"line":3,"column":16},"end":{"line":3,"column":17}},"loc":{"start":{"line":3,"column":22},"end":{"line":7,"column":1}},"line":3}},"branchMap":{},"s":{"0":1,"1":2},"f":{"0":2},"b":{},"_coverageSchema":"1a1c01bbd47fc00a2c39e90264f33305004495a9","hash":"ed61863be5d9e8187c2c7a77c8d44d91731e6793"}
,"D:\\Training\\React\\router\\src\\pages\\Tasks.jsx": {"path":"D:\\Training\\React\\router\\src\\pages\\Tasks.jsx","statementMap":{"0":{"start":{"line":3,"column":14},"end":{"line":5,"column":1}},"1":{"start":{"line":4,"column":2},"end":{"line":4,"column":31}}},"fnMap":{"0":{"name":"(anonymous_0)","decl":{"start":{"line":3,"column":14},"end":{"line":3,"column":15}},"loc":{"start":{"line":3,"column":20},"end":{"line":5,"column":1}},"line":3}},"branchMap":{},"s":{"0":1,"1":0},"f":{"0":0},"b":{},"_coverageSchema":"1a1c01bbd47fc00a2c39e90264f33305004495a9","hash":"7890354f53ac943076ca98d79208488d78efc689"}
,"D:\\Training\\React\\router\\src\\pages\\Units.jsx": {"path":"D:\\Training\\React\\router\\src\\pages\\Units.jsx","statementMap":{"0":{"start":{"line":3,"column":14},"end":{"line":5,"column":1}},"1":{"start":{"line":4,"column":2},"end":{"line":4,"column":31}}},"fnMap":{"0":{"name":"(anonymous_0)","decl":{"start":{"line":3,"column":14},"end":{"line":3,"column":15}},"loc":{"start":{"line":3,"column":20},"end":{"line":5,"column":1}},"line":3}},"branchMap":{},"s":{"0":1,"1":1},"f":{"0":1},"b":{},"_coverageSchema":"1a1c01bbd47fc00a2c39e90264f33305004495a9","hash":"ec38c0df910e0294873a58d8705b15e72c277719"}
,"D:\\Training\\React\\router\\src\\pages\\User.jsx": {"path":"D:\\Training\\React\\router\\src\\pages\\User.jsx","statementMap":{"0":{"start":{"line":3,"column":13},"end":{"line":7,"column":1}},"1":{"start":{"line":4,"column":2},"end":{"line":6,"column":3}}},"fnMap":{"0":{"name":"(anonymous_0)","decl":{"start":{"line":3,"column":13},"end":{"line":3,"column":14}},"loc":{"start":{"line":3,"column":19},"end":{"line":7,"column":1}},"line":3}},"branchMap":{},"s":{"0":1,"1":2},"f":{"0":2},"b":{},"_coverageSchema":"1a1c01bbd47fc00a2c39e90264f33305004495a9","hash":"d7286cd91020775dc5ab41adaa7927dbbd8765ed"}
,"D:\\Training\\React\\router\\src\\pages\\WorkOrders.jsx": {"path":"D:\\Training\\React\\router\\src\\pages\\WorkOrders.jsx","statementMap":{"0":{"start":{"line":3,"column":19},"end":{"line":5,"column":1}},"1":{"start":{"line":4,"column":2},"end":{"line":4,"column":36}}},"fnMap":{"0":{"name":"(anonymous_0)","decl":{"start":{"line":3,"column":19},"end":{"line":3,"column":20}},"loc":{"start":{"line":3,"column":25},"end":{"line":5,"column":1}},"line":3}},"branchMap":{},"s":{"0":1,"1":0},"f":{"0":0},"b":{},"_coverageSchema":"1a1c01bbd47fc00a2c39e90264f33305004495a9","hash":"92b54dc0ebcbd47ed3e13501fc0145242f7821b8"}
}
