TN:
SF:src\components\HomeLayout.jsx
FN:79,(anonymous_0)
FN:89,(anonymous_1)
FNF:2
FNH:2
FNDA:6,(anonymous_0)
FNDA:72,(anonymous_1)
DA:16,1
DA:79,1
DA:80,6
DA:81,6
DA:90,72
LF:5
LH:5
BRF:0
BRH:0
end_of_record
TN:
SF:src\components\ItemLink.jsx
FN:3,(anonymous_0)
FN:7,(anonymous_1)
FNF:2
FNH:2
FNDA:72,(anonymous_0)
FNDA:96,(anonymous_1)
DA:3,1
DA:4,72
DA:8,96
LF:3
LH:3
BRDA:8,0,0,7
BRDA:8,0,1,89
BRF:2
BRH:2
end_of_record
TN:
SF:src\components\ProtectedFromManager.jsx
FN:6,(anonymous_0)
FN:9,(anonymous_1)
FNF:2
FNH:2
FNDA:2,(anonymous_0)
FNDA:2,(anonymous_1)
DA:6,1
DA:7,2
DA:8,2
DA:9,2
DA:10,2
DA:11,1
DA:15,2
LF:7
LH:7
BRDA:10,0,0,1
BRDA:10,0,1,1
BRF:2
BRH:2
end_of_record
TN:
SF:src\components\ProtectedFromUser.jsx
FN:5,(anonymous_0)
FN:9,(anonymous_1)
FNF:2
FNH:2
FNDA:4,(anonymous_0)
FNDA:4,(anonymous_1)
DA:5,1
DA:6,4
DA:7,4
DA:9,4
DA:10,4
DA:11,1
DA:17,4
LF:7
LH:7
BRDA:10,0,0,1
BRDA:10,0,1,3
BRF:2
BRH:2
end_of_record
TN:
SF:src\context\UserContext.jsx
FN:5,(anonymous_0)
FNF:1
FNH:1
FNDA:6,(anonymous_0)
DA:3,1
DA:5,1
DA:9,6
LF:3
LH:3
BRDA:7,0,0,0
BRF:1
BRH:0
end_of_record
TN:
SF:src\pages\Inspections.jsx
FN:3,(anonymous_0)
FNF:1
FNH:1
FNDA:3,(anonymous_0)
DA:3,1
DA:4,3
LF:2
LH:2
BRF:0
BRH:0
end_of_record
TN:
SF:src\pages\Notifications.jsx
FN:3,(anonymous_0)
FNF:1
FNH:0
FNDA:0,(anonymous_0)
DA:3,1
DA:4,0
LF:2
LH:1
BRF:0
BRH:0
end_of_record
TN:
SF:src\pages\Reports.jsx
FN:3,(anonymous_0)
FNF:1
FNH:1
FNDA:2,(anonymous_0)
DA:3,1
DA:4,2
LF:2
LH:2
BRF:0
BRH:0
end_of_record
TN:
SF:src\pages\Tasks.jsx
FN:3,(anonymous_0)
FNF:1
FNH:0
FNDA:0,(anonymous_0)
DA:3,1
DA:4,0
LF:2
LH:1
BRF:0
BRH:0
end_of_record
TN:
SF:src\pages\Units.jsx
FN:3,(anonymous_0)
FNF:1
FNH:1
FNDA:1,(anonymous_0)
DA:3,1
DA:4,1
LF:2
LH:2
BRF:0
BRH:0
end_of_record
TN:
SF:src\pages\User.jsx
FN:3,(anonymous_0)
FNF:1
FNH:1
FNDA:2,(anonymous_0)
DA:3,1
DA:4,2
LF:2
LH:2
BRF:0
BRH:0
end_of_record
TN:
SF:src\pages\WorkOrders.jsx
FN:3,(anonymous_0)
FNF:1
FNH:0
FNDA:0,(anonymous_0)
DA:3,1
DA:4,0
LF:2
LH:1
BRF:0
BRH:0
end_of_record
